gst-launch-1.0 webrtcbin name=sendrecv stun-server=stun://stun4.l.google.com:19302 bundle-policy=max-bundle rpicamsrc bitrate=2500000 awb-mode=1 brightness=53 exposure-mode=1 ! video/x-h264,profile=constrained-baseline,width=1280,height=720,framerate=\(fraction\)30/1,level=3.0 ! queue max-size-time=1000000000  max-size-bytes=10000000000 max-size-buffers=1000000  ! queue max-size-time=1000000000  max-size-bytes=10000000000 max-size-buffers=1000000 ! h264parse  ! rtph264pay config-interval=-1 aggregate-mode=zero-latency ! application/x-rtp,media=video,encoding-name=H264,payload=96 ! queue ! sendrecv.   

Available options include --streamid, --bitrate, and --server. See --help for more options. Default bitrate is 4000 (kbps) 

You can view this stream at: https://vdo.ninja/?password=false&view=zero02&wss=localhost:8443
WSS CONNECTED
START PIPE
creating a new webrtc bin
loading pipe
webrtcbin name=sendrecv stun-server=stun://stun4.l.google.com:19302 bundle-policy=max-bundle rpicamsrc bitrate=2500000 awb-mode=1 brightness=53 exposure-mode=1 ! video/x-h264,profile=constrained-baseline,width=1280,height=720,framerate=(fraction)30/1,level=3.0 ! queue max-size-time=1000000000  max-size-bytes=10000000000 max-size-buffers=1000000  ! queue max-size-time=1000000000  max-size-bytes=10000000000 max-size-buffers=1000000 ! h264parse  ! rtph264pay config-interval=-1 aggregate-mode=zero-latency ! application/x-rtp,media=video,encoding-name=H264,payload=96 ! queue ! sendrecv.   
<Gst.Pipeline object at 0x75661a68 (GstPipeline at 0x1cd0060)>
SEND NACKS ENABLED
ON DATA CHANNEL
DATA CHANNEL SETUP
ON NEGO NEEDED
ON OFFER CREATED
SEND SDP OFFER
ON SIGNALING STATE CHANGE: <enum GST_WEBRTC_SIGNALING_STATE_HAVE_LOCAL_OFFER of type GstWebRTC.WebRTCSignalingState>
INCOMING ANSWER SDP TYPE: answer
ON SIGNALING STATE CHANGE: <enum GST_WEBRTC_SIGNALING_STATE_STABLE of type GstWebRTC.WebRTCSignalingState>
ON ICE CONNECTION STATE CHANGE: <enum GST_WEBRTC_ICE_CONNECTION_STATE_CHECKING of type GstWebRTC.WebRTCICEConnectionState>
on_connection_state
PEER CONNECTION STATE <enum GST_WEBRTC_PEER_CONNECTION_STATE_CONNECTING of type GstWebRTC.WebRTCPeerConnectionState>
ON ICE CONNECTION STATE CHANGE: <enum GST_WEBRTC_ICE_CONNECTION_STATE_CONNECTED of type GstWebRTC.WebRTCICEConnectionState>
ON ICE CONNECTION STATE CHANGE: <enum GST_WEBRTC_ICE_CONNECTION_STATE_COMPLETED of type GstWebRTC.WebRTCICEConnectionState>
on_connection_state
PEER CONNECTION ACTIVE
ON DATA CHANNEL
DATA CHANNEL SETUP
DATA CHANNEL: OPENED
{'info': {'awb_mode': 1}, 'UUID': 'FCHpwRhNY7yPdZxDtPpi'}
a message was sent via datachannels
DATA CHANNEL: OPENED
{'info': {'awb_mode': 1}, 'UUID': 'FCHpwRhNY7yPdZxDtPpi'}
a message was sent via datachannels
MISC DC DATA
MISC DC DATA
INBOUND ICE BUNDLE - DC
HANDLE ICE
PINGED
Packet loss:0
PONG: 1690449901.8819363
PINGED
Packet loss:0
PONG: 1690449904.8838084
PINGED
Packet loss:0
PONG: 1690449907.8856325
PINGED
Packet loss:0
PONG: 1690449910.8870616
PEER INTENTIONALLY HUNG UP
START PIPE
STOP PIPE
DATA CHANNEL: CLOSE
DATA CHANNEL: CLOSE
creating a new webrtc bin
loading pipe
webrtcbin name=sendrecv stun-server=stun://stun4.l.google.com:19302 bundle-policy=max-bundle rpicamsrc bitrate=2500000 awb-mode=1 brightness=53 exposure-mode=1 ! video/x-h264,profile=constrained-baseline,width=1280,height=720,framerate=(fraction)30/1,level=3.0 ! queue max-size-time=1000000000  max-size-bytes=10000000000 max-size-buffers=1000000  ! queue max-size-time=1000000000  max-size-bytes=10000000000 max-size-buffers=1000000 ! h264parse  ! rtph264pay config-interval=-1 aggregate-mode=zero-latency ! application/x-rtp,media=video,encoding-name=H264,payload=96 ! queue ! sendrecv.   
<Gst.Pipeline object at 0x74d87a08 (GstPipeline at 0x1cd01e8)>
SEND NACKS ENABLED
ON DATA CHANNEL
DATA CHANNEL SETUP
ON NEGO NEEDED
ON OFFER CREATED
SEND SDP OFFER
ON SIGNALING STATE CHANGE: <enum GST_WEBRTC_SIGNALING_STATE_HAVE_LOCAL_OFFER of type GstWebRTC.WebRTCSignalingState>
INCOMING ANSWER SDP TYPE: answer
ON SIGNALING STATE CHANGE: <enum GST_WEBRTC_SIGNALING_STATE_STABLE of type GstWebRTC.WebRTCSignalingState>
ON ICE CONNECTION STATE CHANGE: <enum GST_WEBRTC_ICE_CONNECTION_STATE_CHECKING of type GstWebRTC.WebRTCICEConnectionState>
on_connection_state
PEER CONNECTION STATE <enum GST_WEBRTC_PEER_CONNECTION_STATE_CONNECTING of type GstWebRTC.WebRTCPeerConnectionState>
ON ICE CONNECTION STATE CHANGE: <enum GST_WEBRTC_ICE_CONNECTION_STATE_CONNECTED of type GstWebRTC.WebRTCICEConnectionState>
ON ICE CONNECTION STATE CHANGE: <enum GST_WEBRTC_ICE_CONNECTION_STATE_COMPLETED of type GstWebRTC.WebRTCICEConnectionState>
on_connection_state
PEER CONNECTION ACTIVE
ON DATA CHANNEL
DATA CHANNEL SETUP
DATA CHANNEL: OPENED
{'info': {'awb_mode': 1}, 'UUID': 'RkKNW93vj9pKi78HQUuB'}
a message was sent via datachannels
DATA CHANNEL: OPENED
{'info': {'awb_mode': 1}, 'UUID': 'RkKNW93vj9pKi78HQUuB'}
a message was sent via datachannels
a message was sent via datachannels
a message was sent via datachannels
MISC DC DATA
MISC DC DATA
PINGED
INBOUND ICE BUNDLE - DC
HANDLE ICE
PINGED
PINGED
Packet loss:0
PONG: 1690449916.7964709
PINGED
Packet loss:0
PONG: 1690449919.7981803
PINGED
PINGED
Packet loss:0
PONG: 1690449922.7996213
PINGED
PINGED
Packet loss:0
PONG: 1690449925.8009598
PINGED
PINGED
Packet loss:0
PONG: 1690449928.8022602
PINGED
PINGED
Packet loss:0
PONG: 1690449931.8037312
PINGED
PINGED
Packet loss:0
PONG: 1690449934.805148
PINGED
PINGED
Packet loss:0
PONG: 1690449937.8065827
PINGED
PINGED
Packet loss:0
PONG: 1690449940.808
PINGED
PINGED
Packet loss:0
PONG: 1690449943.8101437
NO HEARTBEAT
STOP PIPE
PINGED
Packet loss:0
PONG: 1690449946.8127437
PINGED
Packet loss:0
PONG: 1690449949.8141878
PINGED
Packet loss:0
PONG: 1690449952.8160923
PINGED
Packet loss:0
PONG: 1690449955.8175616
PINGED
Packet loss:0
PONG: 1690449958.819358
PINGED
Packet loss:0
PONG: 1690449961.8207524
PINGED
Packet loss:0
PONG: 1690449964.8225286
PINGED
Packet loss:0
PONG: 1690449967.8240273
PINGED
Packet loss:0
PONG: 1690449970.826737
PINGED
Packet loss:0
PONG: 1690449973.8285344
PINGED
Packet loss:0
PONG: 1690449976.8298547
PINGED
Packet loss:0
PONG: 1690449979.8311915
PINGED
Packet loss:0
PONG: 1690449982.832516
PINGED
Packet loss:0
PONG: 1690449985.833962
PINGED
Packet loss:0.01171875
PONG: 1690449988.8354661
PINGED
Packet loss:0
PONG: 1690449991.837038
PINGED
Packet loss:0
PONG: 1690449994.8384924
PINGED
Packet loss:0
PONG: 1690449997.8401148
PINGED
Packet loss:0
PONG: 1690450000.841565
PINGED
Packet loss:0
PONG: 1690450003.8430898
PINGED
Packet loss:0
PONG: 1690450006.844513
PINGED
Packet loss:0
PONG: 1690450009.8461826
PINGED
Packet loss:0
PONG: 1690450012.847905
PINGED
Packet loss:0
PONG: 1690450015.8493989
PINGED
Packet loss:0
PONG: 1690450018.8509583
PINGED
Packet loss:0
PONG: 1690450021.8523746
PINGED
Packet loss:0
PONG: 1690450024.8538828
PINGED
Packet loss:0.05859375
PONG: 1690450027.855296
PINGED
Packet loss:0
PONG: 1690450030.856826
PINGED
Packet loss:0
PONG: 1690450033.8582163
PINGED
Packet loss:0
PONG: 1690450036.8598528
PINGED
Packet loss:0.05078125
PONG: 1690450039.8612897
PINGED
Packet loss:0
PONG: 1690450042.862718
PINGED
Packet loss:0
PONG: 1690450045.8642838
PINGED
Packet loss:0
PONG: 1690450048.8657494
PINGED
Packet loss:0
PONG: 1690450051.867104
PINGED
Packet loss:0
PONG: 1690450054.8684614
PINGED
Packet loss:0
PONG: 1690450057.8698325
PINGED
Packet loss:0
PONG: 1690450060.872046
PINGED
Packet loss:0
PONG: 1690450063.8735409
PINGED
Packet loss:0
PONG: 1690450066.874996
PINGED
Packet loss:0
PONG: 1690450069.8763316
PINGED
Packet loss:0
PONG: 1690450072.8777845
PINGED
Packet loss:0
PONG: 1690450075.8791165
PINGED
Packet loss:0
PONG: 1690450078.8805256
PINGED
Packet loss:0
PONG: 1690450081.882035
PINGED
Packet loss:0.109375
PONG: 1690450084.8836524
PINGED
Packet loss:0
PONG: 1690450087.8849664
PINGED
Packet loss:0
PONG: 1690450090.8868065
PINGED
Packet loss:0
PONG: 1690450093.8881583
PINGED
Packet loss:0
PONG: 1690450096.8894958
PINGED
Packet loss:0
PONG: 1690450099.891041
PINGED
Packet loss:0
PONG: 1690450102.8924847
PINGED
Packet loss:0
PONG: 1690450105.893954
PINGED
Packet loss:0
PONG: 1690450108.8953764
PINGED
Packet loss:0
PONG: 1690450111.897085
PINGED
Packet loss:0
PONG: 1690450114.8986218
PINGED
Packet loss:0
PONG: 1690450117.9000645
PINGED
Packet loss:0
PONG: 1690450120.9013767
PINGED
Packet loss:0
PONG: 1690450123.9026642
PINGED
Packet loss:0
PONG: 1690450126.9041932
PINGED
Packet loss:0
PONG: 1690450129.9055433
PINGED
Packet loss:0
PONG: 1690450132.9068325
PINGED
Packet loss:0
PONG: 1690450135.9082022
PINGED
Packet loss:0
PONG: 1690450138.909638
PINGED
Packet loss:0
PONG: 1690450141.911141
PINGED
Packet loss:0
PONG: 1690450144.912653
PINGED
Packet loss:0
PONG: 1690450147.9144263
PINGED
Packet loss:0
PONG: 1690450150.9159298
PINGED
Packet loss:0
PONG: 1690450153.917252
PINGED
Packet loss:0
PONG: 1690450156.9187405
PINGED
Packet loss:0
PONG: 1690450159.9201422
PINGED
Packet loss:0
PONG: 1690450162.9215226
PINGED
Packet loss:0.12109375
PONG: 1690450165.9228895
PINGED
Packet loss:0
PONG: 1690450168.92434
PINGED
Packet loss:0
PONG: 1690450171.9257488
PINGED
Packet loss:0
PONG: 1690450174.9271872
PINGED
Packet loss:0
PONG: 1690450177.9286292
PINGED
Packet loss:0
PONG: 1690450180.9301057
PINGED
Packet loss:0
PONG: 1690450183.9317734
PINGED
Packet loss:0
PONG: 1690450186.9330463
PINGED
Packet loss:0
PONG: 1690450189.934299
PINGED
Packet loss:0
PONG: 1690450192.9357572
PINGED
Packet loss:0
PONG: 1690450195.9371457
PINGED
Packet loss:0
PONG: 1690450198.9385586
PINGED
Packet loss:0
PONG: 1690450201.9398847
PINGED
Packet loss:0
PONG: 1690450204.9412844
PINGED
Packet loss:0
PONG: 1690450207.9427533
PINGED
Packet loss:0
PONG: 1690450210.9441533
PINGED
Packet loss:0
PONG: 1690450213.945757
PINGED
Packet loss:0
PONG: 1690450216.947273
PINGED
Packet loss:0
PONG: 1690450219.9485366
PINGED
Packet loss:0
PONG: 1690450222.9498875
PINGED
Packet loss:0
PONG: 1690450225.951515
PINGED
Packet loss:0
PONG: 1690450228.9528878
PINGED
Packet loss:0
PONG: 1690450231.9543352
PINGED
Packet loss:0
PONG: 1690450234.95573
PINGED
Packet loss:0
PONG: 1690450237.9571853
PINGED
Packet loss:0
PONG: 1690450240.958629
PINGED
Packet loss:0
PONG: 1690450243.9603503
PINGED
Packet loss:0
PONG: 1690450246.9626975
PINGED
Packet loss:0
PONG: 1690450249.964124
PINGED
Packet loss:0
PONG: 1690450252.9657469
PINGED
Packet loss:0
PONG: 1690450255.9671068
PINGED
Packet loss:0
PONG: 1690450258.9686625
PINGED
Packet loss:0
PONG: 1690450261.9700432
PINGED
Packet loss:0
PONG: 1690450264.9716363
PINGED
Packet loss:0
PONG: 1690450267.9734197
PINGED
Packet loss:0
PONG: 1690450270.9751492
PINGED
Packet loss:0
PONG: 1690450273.976712
PINGED
Packet loss:0
PONG: 1690450276.9781609
PINGED
Packet loss:0
PONG: 1690450279.9801528
PINGED
Packet loss:0
PONG: 1690450282.9816277
PINGED
Packet loss:0
PONG: 1690450285.9830287
PINGED
Packet loss:0
PONG: 1690450288.984436
PINGED
Packet loss:0
PONG: 1690450291.985874
PINGED
Packet loss:0
PONG: 1690450294.9872622
PINGED
Packet loss:0
PONG: 1690450297.9886847
PINGED
Packet loss:0
PONG: 1690450300.9902298
PINGED
Packet loss:0
PONG: 1690450303.9917026
PINGED
Packet loss:0
PONG: 1690450306.9930966
PINGED
Packet loss:0
PONG: 1690450309.9953234
PINGED
Packet loss:0
PONG: 1690450312.9971821
PINGED
Packet loss:0
PONG: 1690450315.998687
PINGED
Packet loss:0
PONG: 1690450319.000244
PINGED
Packet loss:0
PONG: 1690450322.0015707
PINGED
Packet loss:0
PONG: 1690450325.0030131
PINGED
Packet loss:0
PONG: 1690450328.0044408
PINGED
Packet loss:0
PONG: 1690450331.0058558
PINGED
Packet loss:0
PONG: 1690450334.007277
PINGED
Packet loss:0
PONG: 1690450337.0087056
PINGED
Packet loss:0
PONG: 1690450340.01016
PINGED
Packet loss:0
PONG: 1690450343.0115418
PINGED
Packet loss:0
PONG: 1690450346.0128934
PINGED
Packet loss:0
PONG: 1690450349.0145807
PINGED
Packet loss:0
PONG: 1690450352.01583
PINGED
Packet loss:0
PONG: 1690450355.0172784
PINGED
Packet loss:0
PONG: 1690450358.019366
PINGED
Packet loss:0
PONG: 1690450361.0207267
PINGED
Packet loss:0
PONG: 1690450364.0226877
PINGED
Packet loss:0
PONG: 1690450367.0242105
PINGED
Packet loss:0
PONG: 1690450370.0263104
PINGED
Packet loss:0
PONG: 1690450373.0277057
PINGED
Packet loss:0
PONG: 1690450376.0296333
PINGED
Packet loss:0
PONG: 1690450379.0309973
PINGED
Packet loss:0
PONG: 1690450382.0323517
PINGED
Packet loss:0
PONG: 1690450385.0338666
PINGED
Packet loss:0
PONG: 1690450388.035314
PINGED
Packet loss:0
PONG: 1690450391.0367334
PINGED
Packet loss:0
PONG: 1690450394.037985
PINGED
Packet loss:0
PONG: 1690450397.039471
PINGED
Packet loss:0
PONG: 1690450400.0408616
PINGED
Packet loss:0
PONG: 1690450403.0423114
PINGED
Packet loss:0
PONG: 1690450406.0437927
PINGED
Packet loss:0
PONG: 1690450409.0451815
PINGED
Packet loss:0
PONG: 1690450412.0465708
PINGED
Packet loss:0
PONG: 1690450415.047787
PINGED
Packet loss:0
PONG: 1690450418.0492377
PINGED
Packet loss:0
PONG: 1690450421.0508084
PINGED
Packet loss:0
PONG: 1690450424.0523748
PINGED
Packet loss:0
PONG: 1690450427.0539567
PINGED
Packet loss:0
PONG: 1690450430.0553668
PINGED
Packet loss:0
PONG: 1690450433.05694
PINGED
Packet loss:0
PONG: 1690450436.0584583
PINGED
Packet loss:0
PONG: 1690450439.059761
PINGED
Packet loss:0
PONG: 1690450442.061652
PINGED
Packet loss:0
PONG: 1690450445.0631664
PINGED
Packet loss:0
PONG: 1690450448.064545
PINGED
Packet loss:0
PONG: 1690450451.0659497
PINGED
Packet loss:0
PONG: 1690450454.0674055
PINGED
Packet loss:0
PONG: 1690450457.068801
PINGED
Packet loss:0
PONG: 1690450460.070289
PINGED
Packet loss:0
PONG: 1690450463.0717292
PINGED
Packet loss:0
PONG: 1690450466.0732064
PINGED
Packet loss:0
PONG: 1690450469.074608
PINGED
Packet loss:0
PONG: 1690450472.0759656
PINGED
Packet loss:0
PONG: 1690450475.0779765
PINGED
Packet loss:0
PONG: 1690450478.0794914
PINGED
Packet loss:0
PONG: 1690450481.0808275
PINGED
Packet loss:0
PONG: 1690450484.0821087
PINGED
Packet loss:0
PONG: 1690450487.0835586
PINGED
Packet loss:0
PONG: 1690450490.0849245
PINGED
Packet loss:0
PONG: 1690450493.0863147
PINGED
Packet loss:0
PONG: 1690450496.0877447
PINGED
Packet loss:0
PONG: 1690450499.0891886
PINGED
Packet loss:0
PONG: 1690450502.0907726
PINGED
Packet loss:0
PONG: 1690450505.09226
PINGED
Packet loss:0
PONG: 1690450508.0938058
PINGED
Packet loss:0
PONG: 1690450511.0952985
PINGED
Packet loss:0
PONG: 1690450514.0965734
PINGED
Packet loss:0
PONG: 1690450517.0978634
PINGED
Packet loss:0
PONG: 1690450520.099328
PINGED
Packet loss:0
PONG: 1690450523.100818
PINGED
Packet loss:0.0390625
PONG: 1690450526.1022408
PINGED
Packet loss:0
PONG: 1690450529.10361
PINGED
Packet loss:0
PONG: 1690450532.105025
PINGED
Packet loss:0
PONG: 1690450535.1063614
PINGED
Packet loss:0
PONG: 1690450538.1078174
PINGED
Packet loss:0
PONG: 1690450541.109334
PINGED
Packet loss:0
PONG: 1690450544.1109068
PINGED
Packet loss:0
PONG: 1690450547.1120818
PINGED
Packet loss:0
PONG: 1690450550.1133533
PINGED
Packet loss:0
PONG: 1690450553.1147099
PINGED
Packet loss:0
PONG: 1690450556.1160905
PINGED
Packet loss:0
PONG: 1690450559.117369
PINGED
Packet loss:0
PONG: 1690450562.1186895
PINGED
Packet loss:0
PONG: 1690450565.119994
PINGED
Packet loss:0
PONG: 1690450568.1214259
MISC DC DATA
PINGED
Packet loss:0
PONG: 1690450571.1230414
PINGED
Packet loss:0
PONG: 1690450574.1255286
PINGED
Packet loss:0
PONG: 1690450577.127083
PINGED
Packet loss:0
PONG: 1690450580.1284356
PINGED
Packet loss:0
PONG: 1690450583.129808
PINGED
Packet loss:0
PONG: 1690450586.1312692
PINGED
Packet loss:0
PONG: 1690450589.1345253
PINGED
Packet loss:0
PONG: 1690450592.1359584
PINGED
Packet loss:0
PONG: 1690450595.137368
PINGED
Packet loss:0
PONG: 1690450598.1387737
PINGED
Packet loss:0
PONG: 1690450601.1401641
PINGED
Packet loss:0
PONG: 1690450604.1415522
PINGED
Packet loss:0
PONG: 1690450607.1429467
PINGED
Packet loss:0
PONG: 1690450610.1446838
PINGED
Packet loss:0
PONG: 1690450613.1459992
PINGED
Packet loss:0
PONG: 1690450616.147472
PINGED
Packet loss:0
PONG: 1690450619.148836
PINGED
Packet loss:0
PONG: 1690450622.1503303
PINGED
Packet loss:0
PONG: 1690450625.1517427
PINGED
Packet loss:0
PONG: 1690450628.153207
PINGED
Packet loss:0
PONG: 1690450631.1547995
PINGED
Packet loss:0
PONG: 1690450634.1563272
PINGED
Packet loss:0
PONG: 1690450637.15795
PINGED
Packet loss:0
PONG: 1690450640.1595218
PINGED
Packet loss:0
PONG: 1690450643.1609488
PINGED
Packet loss:0.09375
PONG: 1690450646.1622152
PINGED
Packet loss:0
PONG: 1690450649.1635194
PINGED
Packet loss:0
PONG: 1690450652.1650033
PINGED
Packet loss:0
PONG: 1690450655.1663609
PINGED
Packet loss:0
PONG: 1690450658.167791
PINGED
Packet loss:0
PONG: 1690450661.169232
PINGED
Packet loss:0
PONG: 1690450664.1706274
PINGED
Packet loss:0
PONG: 1690450667.1720588
PINGED
Packet loss:0
PONG: 1690450670.1733603
PINGED
Packet loss:0
PONG: 1690450673.1748142
PINGED
Packet loss:0
PONG: 1690450676.1761947
PINGED
Packet loss:0
PONG: 1690450679.177488
PINGED
Packet loss:0
PONG: 1690450682.178896
PINGED
Packet loss:0
PONG: 1690450685.180328
PINGED
Packet loss:0
PONG: 1690450688.1817482
PINGED
Packet loss:0
PONG: 1690450691.1831973
PINGED
Packet loss:0
PONG: 1690450694.184531
PINGED
Packet loss:0
PONG: 1690450697.185942
PINGED
Packet loss:0
PONG: 1690450700.187385
PINGED
Packet loss:0
PONG: 1690450703.1887088
PINGED
Packet loss:0.12109375
PONG: 1690450706.1900437
PINGED
Packet loss:0
PONG: 1690450709.1913884
PINGED
Packet loss:0
PONG: 1690450712.1926408
PINGED
Packet loss:0
PONG: 1690450715.194027
PINGED
Packet loss:0
PONG: 1690450718.1955402
PINGED
Packet loss:0
PONG: 1690450721.1969497
PINGED
Packet loss:0
PONG: 1690450724.1982498
PINGED
Packet loss:0
PONG: 1690450727.199653
PINGED
Packet loss:0
PONG: 1690450730.201021
PINGED
Packet loss:0
PONG: 1690450733.2025094
PINGED
Packet loss:0
PONG: 1690450736.2046669
PINGED
Packet loss:0
PONG: 1690450739.206005
PINGED
Packet loss:0
PONG: 1690450742.2073157
PINGED
Packet loss:0
PONG: 1690450745.2087896
PINGED
Packet loss:0
PONG: 1690450748.2101064
PINGED
Packet loss:0
PONG: 1690450751.2114005
PINGED
Packet loss:0
PONG: 1690450754.212859
PINGED
Packet loss:0
PONG: 1690450757.214468
PINGED
Packet loss:0
PONG: 1690450760.2158914
PINGED
Packet loss:0
PONG: 1690450763.2179878
PINGED
Packet loss:0.01953125
PONG: 1690450766.2193847
PINGED
Packet loss:0
PONG: 1690450769.2208264
PINGED
Packet loss:0
PONG: 1690450772.2229087
PINGED
Packet loss:0
PONG: 1690450775.224775
PINGED
Packet loss:0
PONG: 1690450778.2263057
PINGED
Packet loss:0
PONG: 1690450781.2277787
PINGED
Packet loss:0
PONG: 1690450784.2292724
PINGED
Packet loss:0
PONG: 1690450787.230663
PINGED
Packet loss:0
PONG: 1690450790.2320428
PINGED
Packet loss:0
PONG: 1690450793.2335348
PINGED
Packet loss:0
PONG: 1690450796.2349412
PINGED
Packet loss:0
PONG: 1690450799.2363307
PINGED
Packet loss:0
PONG: 1690450802.2376142
PINGED
Packet loss:0
PONG: 1690450805.2390375
PINGED
Packet loss:0
PONG: 1690450808.2406716
PINGED
Packet loss:0
PONG: 1690450811.2420294
PINGED
Packet loss:0
PONG: 1690450814.243361
PINGED
Packet loss:0
PONG: 1690450817.2448215
PINGED
Packet loss:0
PONG: 1690450820.2462916
PINGED
Packet loss:0
PONG: 1690450823.2476604
PINGED
Packet loss:0
PONG: 1690450826.2489414
PINGED
Packet loss:0
PONG: 1690450829.2503572
PINGED
Packet loss:0
PONG: 1690450832.2517207
PINGED
Packet loss:0
PONG: 1690450835.2530465
PINGED
Packet loss:0
PONG: 1690450838.254543
PINGED
Packet loss:0
PONG: 1690450841.255911
PINGED
Packet loss:0
PONG: 1690450844.2572815
PINGED
Packet loss:0
PONG: 1690450847.2586348
PINGED
Packet loss:0
PONG: 1690450850.2599397
PINGED
Packet loss:0
PONG: 1690450853.2615087
PINGED
Packet loss:0
PONG: 1690450856.2627907
PINGED
Packet loss:0
PONG: 1690450859.2642403
PINGED
Packet loss:0
PONG: 1690450862.265505
PINGED
Packet loss:0
PONG: 1690450865.2667487
PINGED
Packet loss:0
PONG: 1690450868.2680216
PINGED
Packet loss:0
PONG: 1690450871.269358
PINGED
Packet loss:0
PONG: 1690450874.270686
PINGED
Packet loss:0
PONG: 1690450877.2722316
PINGED
Packet loss:0
PONG: 1690450880.2736654
PINGED
Packet loss:0
PONG: 1690450883.2751443
PINGED
Packet loss:0.16015625
PONG: 1690450886.2765026
PINGED
Packet loss:0
PONG: 1690450889.2780576
PINGED
Packet loss:0
PONG: 1690450892.2793074
PINGED
Packet loss:0
PONG: 1690450895.2806368
PINGED
Packet loss:0
PONG: 1690450898.2821698
PINGED
Packet loss:0
PONG: 1690450901.2836125
PINGED
Packet loss:0.05859375
PONG: 1690450904.284919
PINGED
Packet loss:0
PONG: 1690450907.2866368
PINGED
Packet loss:0
PONG: 1690450910.2880821
PINGED
Packet loss:0
PONG: 1690450913.2900255
PINGED
Packet loss:0
PONG: 1690450916.2914445
PINGED
Packet loss:0
PONG: 1690450919.2928474
PINGED
Packet loss:0
PONG: 1690450922.2943313
PINGED
Packet loss:0
PONG: 1690450925.2955885
PINGED
Packet loss:0
PONG: 1690450928.2968507
PINGED
Packet loss:0
PONG: 1690450931.2980332
PINGED
Packet loss:0
PONG: 1690450934.2995696
PINGED
Packet loss:0
PONG: 1690450937.3008318
PINGED
Packet loss:0
PONG: 1690450940.3021488
PINGED
Packet loss:0
PONG: 1690450943.3037162
PINGED
Packet loss:0
PONG: 1690450946.3052032
PINGED
Packet loss:0
PONG: 1690450949.3065472
PINGED
Packet loss:0
PONG: 1690450952.3082192
PINGED
Packet loss:0
PONG: 1690450955.3095887
PINGED
Packet loss:0
PONG: 1690450958.3109918
PINGED
Packet loss:0
PONG: 1690450961.3123183
PINGED
Packet loss:0
PONG: 1690450964.3137603
PINGED
Packet loss:0
PONG: 1690450967.3151705
PINGED
Packet loss:0
PONG: 1690450970.3166454
PINGED
Packet loss:0
PONG: 1690450973.318055
PINGED
Packet loss:0
PONG: 1690450976.3192158
PINGED
Packet loss:0
PONG: 1690450979.3203464
PINGED
Packet loss:0
PONG: 1690450982.3216176
PINGED
Packet loss:0
PONG: 1690450985.3228407
PINGED
Packet loss:0
PONG: 1690450988.3243017
PINGED
Packet loss:0
PONG: 1690450991.325596
PINGED
Packet loss:0
PONG: 1690450994.3267393
PINGED
Packet loss:0
PONG: 1690450997.3279777
PINGED
Packet loss:0
PONG: 1690451000.3293064
PINGED
Packet loss:0
PONG: 1690451003.330689
PINGED
Packet loss:0
PONG: 1690451006.3318794
PINGED
Packet loss:0
PONG: 1690451009.3344343
PINGED
Packet loss:0
PONG: 1690451012.3356223
PINGED
Packet loss:0
PONG: 1690451015.3367014
PINGED
Packet loss:0
PONG: 1690451018.337828
PINGED
Packet loss:0
PONG: 1690451021.338999
PINGED
Packet loss:0
PONG: 1690451024.3400989
PINGED
Packet loss:0
PONG: 1690451027.3412771
PINGED
Packet loss:0
PONG: 1690451030.342449
PINGED
Packet loss:0.52734375
PONG: 1690451033.343689
PINGED
Packet loss:0
PONG: 1690451036.3448493
PINGED
Packet loss:0
PONG: 1690451039.34594
PINGED
Packet loss:0
PONG: 1690451042.3473213
PINGED
Packet loss:0.14453125
PONG: 1690451045.348515
PINGED
Packet loss:0
PONG: 1690451048.3496034
PINGED
Packet loss:0.01953125
PONG: 1690451051.3506577
PINGED
Packet loss:0
PONG: 1690451054.351684
PINGED
Packet loss:0
PONG: 1690451057.352871
PINGED
Packet loss:0
PONG: 1690451060.3540843
PINGED
Packet loss:0
PONG: 1690451063.3552356
PINGED
Packet loss:0
PONG: 1690451066.3564162
PINGED
Packet loss:0
PONG: 1690451069.3575685
PINGED
Packet loss:0
PONG: 1690451072.3587315
PINGED
Packet loss:0
PONG: 1690451075.3598483
PINGED
Packet loss:0
PONG: 1690451078.3609266
PINGED
Packet loss:0
PONG: 1690451081.362152
PINGED
Packet loss:0
PONG: 1690451084.3634834
PINGED
Packet loss:0
PONG: 1690451087.3646872
PINGED
Packet loss:0
PONG: 1690451090.36578
PINGED
Packet loss:0
PONG: 1690451093.3670053
PINGED
Packet loss:0
PONG: 1690451096.3682044
PINGED
Packet loss:0
PONG: 1690451099.369409
PINGED
Packet loss:0
PONG: 1690451102.3708723
PINGED
Packet loss:0
PONG: 1690451105.3720646
PINGED
Packet loss:0
PONG: 1690451108.3732798
PINGED
Packet loss:0
PONG: 1690451111.3744254
PINGED
Packet loss:0
PONG: 1690451114.3758912
PINGED
Packet loss:0
PONG: 1690451117.3770435
PINGED
Packet loss:0
PONG: 1690451120.3782704
PINGED
Packet loss:0
PONG: 1690451123.379362
PINGED
Packet loss:0.2734375
PONG: 1690451126.380588
PINGED
Packet loss:0
PONG: 1690451129.3818846
PINGED
Packet loss:0
PONG: 1690451132.3830488
PINGED
Packet loss:0
PONG: 1690451135.384242
PINGED
Packet loss:0
PONG: 1690451138.3854735
PINGED
Packet loss:0
PONG: 1690451141.3867135
PINGED
Packet loss:0
PONG: 1690451144.387956
PINGED
Packet loss:0
PONG: 1690451147.38914
PINGED
Packet loss:0
PONG: 1690451150.3904762
PINGED
Packet loss:0
PONG: 1690451153.3920717
PINGED
Packet loss:0
PONG: 1690451156.393272
PINGED
Packet loss:0
PONG: 1690451159.3945148
PINGED
Packet loss:0
PONG: 1690451162.3958127
PINGED
Packet loss:0
PONG: 1690451165.3971927
PINGED
Packet loss:0
PONG: 1690451168.39843
PINGED
Packet loss:0
PONG: 1690451171.3996835
PINGED
Packet loss:0
PONG: 1690451174.4009378
PINGED
Packet loss:0
PONG: 1690451177.402171
PINGED
Packet loss:0
PONG: 1690451180.4034917
PINGED
Packet loss:0
PONG: 1690451183.4048085
PINGED
Packet loss:0
PONG: 1690451186.406057
PINGED
Packet loss:0
PONG: 1690451189.4072683
PINGED
Packet loss:0
PONG: 1690451192.4085052
PINGED
Packet loss:0
PONG: 1690451195.4096792
PINGED
Packet loss:0
PONG: 1690451198.41098
PINGED
Packet loss:0
PONG: 1690451201.4122558
PINGED
Packet loss:0
PONG: 1690451204.4135525
PINGED
Packet loss:0
PONG: 1690451207.4148185
PINGED
Packet loss:0
PONG: 1690451210.4160442
PINGED
Packet loss:0
PONG: 1690451213.4172873
PINGED
Packet loss:0
PONG: 1690451216.4185295
PINGED
Packet loss:0
PONG: 1690451219.4197123
PINGED
Packet loss:0
PONG: 1690451222.4217684
PINGED
Packet loss:0
PONG: 1690451225.4230187
PINGED
Packet loss:0
PONG: 1690451228.424358
PINGED
Packet loss:0
PONG: 1690451231.4255855
PINGED
Packet loss:0
PONG: 1690451234.4268727
PINGED
Packet loss:0
PONG: 1690451237.4281964
PINGED
Packet loss:0
PONG: 1690451240.4294298
PINGED
Packet loss:0
PONG: 1690451243.4308414
PINGED
Packet loss:0
PONG: 1690451246.4321418
PINGED
Packet loss:0
PONG: 1690451249.4335415
PINGED
Packet loss:0
PONG: 1690451252.4349189
PINGED
Packet loss:0
PONG: 1690451255.4367626
PINGED
Packet loss:0
PONG: 1690451258.4381168
PINGED
Packet loss:0
PONG: 1690451261.4393964
PINGED
Packet loss:0
PONG: 1690451264.4405978
PINGED
Packet loss:0
PONG: 1690451267.4418867
PINGED
Packet loss:0
PONG: 1690451270.443189
PINGED
Packet loss:0
PONG: 1690451273.44447
PINGED
Packet loss:0
PONG: 1690451276.4457524
PINGED
Packet loss:0
PONG: 1690451279.447019
PINGED
Packet loss:0
PONG: 1690451282.4482734
PINGED
Packet loss:0.15625
PONG: 1690451285.4494963
PINGED
Packet loss:0
PONG: 1690451288.450703
PINGED
Packet loss:0
PONG: 1690451291.4522853
PINGED
Packet loss:0
PONG: 1690451294.4541109
PINGED
Packet loss:0
PONG: 1690451297.4552999
PINGED
Packet loss:0
PONG: 1690451300.4567902
PINGED
Packet loss:0
PONG: 1690451303.4581716
PINGED
Packet loss:0
PONG: 1690451306.4595957
PINGED
Packet loss:0
PONG: 1690451309.4608316
PINGED
Packet loss:0
PONG: 1690451312.4621568
PINGED
Packet loss:0
PONG: 1690451315.4636693
PINGED
Packet loss:0
PONG: 1690451318.4649827
PINGED
Packet loss:0
PONG: 1690451321.4664173
PINGED
Packet loss:0
PONG: 1690451324.467804
PINGED
Packet loss:0
PONG: 1690451327.4691052
PINGED
Packet loss:0
PONG: 1690451330.4703515
PINGED
Packet loss:0
PONG: 1690451333.4715917
PINGED
Packet loss:0
PONG: 1690451336.472954
PINGED
Packet loss:0
PONG: 1690451339.4742494
PINGED
Packet loss:0
PONG: 1690451342.4755268
PINGED
Packet loss:0
PONG: 1690451345.4769673
PINGED
Packet loss:0
PONG: 1690451348.4783037
PINGED
Packet loss:0
PONG: 1690451351.4797366
PINGED
Packet loss:0
PONG: 1690451354.4810257
PINGED
Packet loss:0
PONG: 1690451357.4824402
PINGED
Packet loss:0
PONG: 1690451360.4851077
PINGED
Packet loss:0
PONG: 1690451363.4864123
PINGED
Packet loss:0
PONG: 1690451366.4877896
PINGED
Packet loss:0
PONG: 1690451369.4891279
PINGED
Packet loss:0
PONG: 1690451372.490445
PINGED
Packet loss:0
PONG: 1690451375.4917705
PINGED
Packet loss:0
PONG: 1690451378.4933112
PINGED
Packet loss:0
PONG: 1690451381.4947045
PINGED
Packet loss:0
PONG: 1690451384.4960501
PINGED
Packet loss:0
PONG: 1690451387.4973397
PINGED
Packet loss:0
PONG: 1690451390.4991198
PINGED
Packet loss:0
PONG: 1690451393.500746
PINGED
Packet loss:0
PONG: 1690451396.5020578
PINGED
Packet loss:0
PONG: 1690451399.5033042
PINGED
Packet loss:0
PONG: 1690451402.504777
PINGED
Packet loss:0
PONG: 1690451405.506083
PINGED
Packet loss:0
PONG: 1690451408.507443
PINGED
Packet loss:0
PONG: 1690451411.5087345
PINGED
Packet loss:0
PONG: 1690451414.5101964
PINGED
Packet loss:0
PONG: 1690451417.5115469
PINGED
Packet loss:0
PONG: 1690451420.5129998
PINGED
Packet loss:0
PONG: 1690451423.5144734
PINGED
Packet loss:0
PONG: 1690451426.5171466
PINGED
Packet loss:0
PONG: 1690451429.5184882
PINGED
Packet loss:0
PONG: 1690451432.5198195
PINGED
Packet loss:0
PONG: 1690451435.521285
PINGED
Packet loss:0
PONG: 1690451438.522738
PINGED
Packet loss:0
PONG: 1690451441.5242584
PINGED
Packet loss:0
PONG: 1690451444.5256445
PINGED
Packet loss:0
PONG: 1690451447.527437
PINGED
Packet loss:0
PONG: 1690451450.5288336
PINGED
Packet loss:0
PONG: 1690451453.5303097
PINGED
Packet loss:0
PONG: 1690451456.5316021
PINGED
Packet loss:0
PONG: 1690451459.5331812
PINGED
Packet loss:0
PONG: 1690451462.5345063
PINGED
Packet loss:0
PONG: 1690451465.5357733
PINGED
Packet loss:0
PONG: 1690451468.537773
PINGED
Packet loss:0
PONG: 1690451471.5390918
PINGED
Packet loss:0
PONG: 1690451474.5404468
PINGED
Packet loss:0
PONG: 1690451477.5418367
PINGED
Packet loss:0
PONG: 1690451480.543278
PINGED
Packet loss:0
PONG: 1690451483.5446284
PINGED
Packet loss:0
PONG: 1690451486.5458717
PINGED
Packet loss:0
PONG: 1690451489.547516
PINGED
Packet loss:0.0390625
PONG: 1690451492.5488188
PINGED
Packet loss:0
PONG: 1690451495.5502687
PINGED
Packet loss:0
PONG: 1690451498.5515347
PINGED
Packet loss:0
PONG: 1690451501.5529165
PINGED
Packet loss:0
PONG: 1690451504.5544965
PINGED
Packet loss:0
PONG: 1690451507.5558848
PINGED
Packet loss:0
PONG: 1690451510.557672
PINGED
Packet loss:0
PONG: 1690451513.5590603
PINGED
Packet loss:0
PONG: 1690451516.5606549
PINGED
Packet loss:0
PONG: 1690451519.562192
PINGED
Packet loss:0
PONG: 1690451522.5638008
PINGED
Packet loss:0
PONG: 1690451525.5651822
PINGED
Packet loss:0
PONG: 1690451528.566626
PINGED
Packet loss:0
PONG: 1690451531.5679512
PINGED
Packet loss:0
PONG: 1690451534.5692651
PINGED
Packet loss:0
PONG: 1690451537.570703
PINGED
Packet loss:0
PONG: 1690451540.5727024
PINGED
Packet loss:0
PONG: 1690451543.5741682
PINGED
Packet loss:0
PONG: 1690451546.576396
PINGED
Packet loss:0
PONG: 1690451549.577781
PINGED
Packet loss:0
PONG: 1690451552.5796964
PINGED
Packet loss:0
PONG: 1690451555.5809736
PINGED
Packet loss:0
PONG: 1690451558.5822656
PINGED
Packet loss:0.1328125
PONG: 1690451561.5836127
PINGED
Packet loss:0
PONG: 1690451564.5849109
PINGED
Packet loss:0
PONG: 1690451567.586381
PINGED
Packet loss:0
PONG: 1690451570.5878112
PINGED
Packet loss:0
PONG: 1690451573.5891953
PINGED
Packet loss:0
PONG: 1690451576.590593
PINGED
Packet loss:0
PONG: 1690451579.5919945
PINGED
Packet loss:0
PONG: 1690451582.5935426
PINGED
Packet loss:0
PONG: 1690451585.5951025
PINGED
Packet loss:0
PONG: 1690451588.5970907
PINGED
Packet loss:0
PONG: 1690451591.5986857
PINGED
Packet loss:0
PONG: 1690451594.6002011
PINGED
Packet loss:0
PONG: 1690451597.6014845
PINGED
Packet loss:0
PONG: 1690451600.6030326
PINGED
Packet loss:0
PONG: 1690451603.6053183
PINGED
Packet loss:0
PONG: 1690451606.6067586
PINGED
Packet loss:0
PONG: 1690451609.608099
PINGED
Packet loss:0
PONG: 1690451612.6095874
PINGED
Packet loss:0
PONG: 1690451615.6110353
PINGED
Packet loss:0
PONG: 1690451618.613285
PINGED
Packet loss:0
PONG: 1690451621.614717
PINGED
Packet loss:0
PONG: 1690451624.6173327
PINGED
Packet loss:0
PONG: 1690451627.618786
PINGED
Packet loss:0
PONG: 1690451630.6202016
PINGED
Packet loss:0
PONG: 1690451633.6216514
PINGED
Packet loss:0
PONG: 1690451636.6230164
PINGED
Packet loss:0
PONG: 1690451639.6245933
PINGED
Packet loss:0
PONG: 1690451642.6261868
PINGED
Packet loss:0
PONG: 1690451645.6276371
PINGED
Packet loss:0
PONG: 1690451648.6290896
PINGED
Packet loss:0
PONG: 1690451651.630466
PINGED
Packet loss:0
PONG: 1690451654.6318736
PINGED
Packet loss:0
PONG: 1690451657.6333556
PINGED
Packet loss:0
PONG: 1690451660.6346543
PINGED
Packet loss:0
PONG: 1690451663.635998
PINGED
Packet loss:0
PONG: 1690451666.637415
PINGED
Packet loss:0
PONG: 1690451669.6388967
PINGED
Packet loss:0
PONG: 1690451672.6403868
PINGED
Packet loss:0
PONG: 1690451675.6417794
PINGED
Packet loss:0
PONG: 1690451678.6435058
PINGED
Packet loss:0
PONG: 1690451681.6449645
PINGED
Packet loss:0
PONG: 1690451684.6464524
PINGED
Packet loss:0
PONG: 1690451687.6487486
PINGED
Packet loss:0
PONG: 1690451690.6503253
PINGED
Packet loss:0
PONG: 1690451693.6517556
PINGED
Packet loss:0
PONG: 1690451696.653205
PINGED
Packet loss:0
PONG: 1690451699.6547594
PINGED
Packet loss:0
PONG: 1690451702.6561432
PINGED
Packet loss:0
PONG: 1690451705.6576657
PINGED
Packet loss:0
PONG: 1690451708.6592624
PINGED
Packet loss:0
PONG: 1690451711.66073
PINGED
Packet loss:0
PONG: 1690451714.6623623
PINGED
Packet loss:0
PONG: 1690451717.6649354
PINGED
Packet loss:0
PONG: 1690451720.6664193
PINGED
Packet loss:0
PONG: 1690451723.6679058
PINGED
Packet loss:0
PONG: 1690451726.669351
PINGED
Packet loss:0
PONG: 1690451729.6709201
PINGED
Packet loss:0
PONG: 1690451732.6723974
PINGED
Packet loss:0
PONG: 1690451735.6738992
PINGED
Packet loss:0
PONG: 1690451738.6753252
PINGED
Packet loss:0
PONG: 1690451741.6769967
PINGED
Packet loss:0
PONG: 1690451744.6785479
PINGED
Packet loss:0
PONG: 1690451747.6800196
PINGED
Packet loss:0
PONG: 1690451750.6815217
PINGED
Packet loss:0
PONG: 1690451753.6852303
PINGED
Packet loss:0
PONG: 1690451756.6866024
PINGED
Packet loss:0
PONG: 1690451759.6882396
PINGED
Packet loss:0
PONG: 1690451762.6898954
PINGED
Packet loss:0
PONG: 1690451765.6913638
PINGED
Packet loss:0
PONG: 1690451768.6928508
PINGED
Packet loss:0
PONG: 1690451771.6943884
PINGED
Packet loss:0
PONG: 1690451774.6958854
PINGED
Packet loss:0
PONG: 1690451777.697346
PINGED
Packet loss:0
PONG: 1690451780.7001038
PINGED
Packet loss:0
PONG: 1690451783.7018094
PINGED
Packet loss:0
PONG: 1690451786.7032561
PINGED
Packet loss:0
PONG: 1690451789.7048118
PINGED
Packet loss:0
PONG: 1690451792.706334
PINGED
Packet loss:0
PONG: 1690451795.7089603
PINGED
Packet loss:0
PONG: 1690451798.7104843
PINGED
Packet loss:0
PONG: 1690451801.712194
PINGED
Packet loss:0
PONG: 1690451804.7137737
PINGED
Packet loss:0
PONG: 1690451807.7153347
PINGED
Packet loss:0
PONG: 1690451810.716783
PINGED
Packet loss:0
PONG: 1690451813.7184315
PINGED
Packet loss:0
PONG: 1690451816.7199519
PINGED
Packet loss:0
PONG: 1690451819.7214327
PINGED
Packet loss:0
PONG: 1690451822.7230968
PINGED
Packet loss:0
PONG: 1690451825.724648
PINGED
Packet loss:0
PONG: 1690451828.726141
PINGED
Packet loss:0
PONG: 1690451831.727673
PINGED
Packet loss:0
PONG: 1690451834.729496
PINGED
Packet loss:0
PONG: 1690451837.7315571
PINGED
Packet loss:0
PONG: 1690451840.7332213
PINGED
Packet loss:0
PONG: 1690451843.7346432
PINGED
Packet loss:0
PONG: 1690451846.7361429
PINGED
Packet loss:0
PONG: 1690451849.737604
PINGED
Packet loss:0
PONG: 1690451852.7391121
PINGED
Packet loss:0
PONG: 1690451855.7408051
PINGED
Packet loss:0
PONG: 1690451858.7423098
PINGED
Packet loss:0
PONG: 1690451861.743992
PINGED
Packet loss:0
PONG: 1690451864.7455869
PINGED
Packet loss:0
PONG: 1690451867.74706
PINGED
Packet loss:0
PONG: 1690451870.7485313
PINGED
Packet loss:0
PONG: 1690451873.7500887
PINGED
Packet loss:0
PONG: 1690451876.7515492
PINGED
Packet loss:0
PONG: 1690451879.7530503
PINGED
Packet loss:0
PONG: 1690451882.7545702
PINGED
Packet loss:0
PONG: 1690451885.7561076
PINGED
Packet loss:0
PONG: 1690451888.7577193
PINGED
Packet loss:0
PONG: 1690451891.7591922
PINGED
Packet loss:0
PONG: 1690451894.7606707
PINGED
Packet loss:0
PONG: 1690451897.7621744
PINGED
Packet loss:0
PONG: 1690451900.763841
PINGED
Packet loss:0
PONG: 1690451903.7655008
PINGED
Packet loss:0
PONG: 1690451906.7674747
PINGED
Packet loss:0
PONG: 1690451909.7689621
PINGED
Packet loss:0
PONG: 1690451912.7703807
PINGED
Packet loss:0
PONG: 1690451915.7717867
PINGED
Packet loss:0
PONG: 1690451918.773361
PINGED
Packet loss:0
PONG: 1690451921.7752914
PINGED
Packet loss:0
PONG: 1690451924.776941
PINGED
Packet loss:0
PONG: 1690451927.778425
PINGED
Packet loss:0
PONG: 1690451930.7799902
PINGED
Packet loss:0
PONG: 1690451933.7816067
PINGED
Packet loss:0
PONG: 1690451936.7831798
PINGED
Packet loss:0
PONG: 1690451939.7849615
PINGED
Packet loss:0
PONG: 1690451942.786902
PINGED
Packet loss:0
PONG: 1690451945.7885041
PINGED
Packet loss:0
PONG: 1690451948.7902482
PINGED
Packet loss:0
PONG: 1690451951.7918684
MISC DC DATA
PINGED
Packet loss:0
PONG: 1690451954.7938433
PINGED
Packet loss:0
PONG: 1690451957.795562
PINGED
Packet loss:0
PONG: 1690451960.797319
PINGED
Packet loss:0
PONG: 1690451963.798834
PINGED
Packet loss:0
PONG: 1690451966.8005493
PINGED
Packet loss:0
PONG: 1690451969.802001
PINGED
Packet loss:0
PONG: 1690451972.8036385
PINGED
Packet loss:0
PONG: 1690451975.805107
PINGED
Packet loss:0
PONG: 1690451978.8067267
PINGED
Packet loss:0
PONG: 1690451981.8083715
PINGED
Packet loss:0
PONG: 1690451984.8098333
PINGED
Packet loss:0
PONG: 1690451987.8114917
PINGED
Packet loss:0
PONG: 1690451990.81308
PINGED
Packet loss:0
PONG: 1690451993.814811
PINGED
Packet loss:0
PONG: 1690451996.8165355
PINGED
Packet loss:0
PONG: 1690451999.818839
PINGED
Packet loss:0
PONG: 1690452002.8207872
PINGED
Packet loss:0
PONG: 1690452005.8224442
PINGED
Packet loss:0
PONG: 1690452008.8242247
PINGED
Packet loss:0
PONG: 1690452011.8259132
PINGED
Packet loss:0
PONG: 1690452014.8276858
PINGED
Packet loss:0
PONG: 1690452017.8298888
PINGED
Packet loss:0
PONG: 1690452020.831638
PINGED
Packet loss:0
PONG: 1690452023.834619
PINGED
Packet loss:0
PONG: 1690452026.8373294
PINGED
Packet loss:0
PONG: 1690452029.8410952
PINGED
Packet loss:0
PONG: 1690452032.8427393
PINGED
Packet loss:0
PONG: 1690452035.8444374
PINGED
Packet loss:0
PONG: 1690452038.8459558
PINGED
Packet loss:0
PONG: 1690452041.8480046
PINGED
Packet loss:0
PONG: 1690452044.850408
PINGED
Packet loss:0
PONG: 1690452047.8522763
PINGED
Packet loss:0
PONG: 1690452050.8539977
PINGED
Packet loss:0
PONG: 1690452053.8557882
PINGED
Packet loss:0
PONG: 1690452056.8576028
PINGED
Packet loss:0
PONG: 1690452059.8594317
PINGED
Packet loss:0
PONG: 1690452062.8610048
PINGED
Packet loss:0
PONG: 1690452065.8626845
PINGED
Packet loss:0
PONG: 1690452068.8644555
PINGED
Packet loss:0
PONG: 1690452071.8660734
PINGED
Packet loss:0
PONG: 1690452074.867817
PINGED
Packet loss:0
PONG: 1690452077.869544
PINGED
Packet loss:0
PONG: 1690452080.8711963
PINGED
Packet loss:0
PONG: 1690452083.8737955
PINGED
Packet loss:0
PONG: 1690452086.8755546
PINGED
Packet loss:0
PONG: 1690452089.8771899
PINGED
Packet loss:0
PONG: 1690452092.878884
PINGED
Packet loss:0
PONG: 1690452095.880695
PINGED
Packet loss:0
PONG: 1690452098.8823996
PINGED
Packet loss:0
PONG: 1690452101.8844583
PINGED
Packet loss:0
PONG: 1690452104.8861992
PINGED
Packet loss:0
PONG: 1690452107.8879225
MISC DC DATA
PINGED
Packet loss:0
PONG: 1690452110.889582
PINGED
Packet loss:0
PONG: 1690452113.8925343
MISC DC DATA
PINGED
Packet loss:0
PONG: 1690452116.894406
PINGED
Packet loss:0
PONG: 1690452119.8961298
PINGED
Packet loss:0
PONG: 1690452122.8979096
PINGED
Packet loss:0
PONG: 1690452125.899565
PINGED
Packet loss:0
PONG: 1690452128.9012692
PINGED
Packet loss:0
PONG: 1690452131.9029465
PINGED
Packet loss:0
PONG: 1690452134.904761
PINGED
Packet loss:0
PONG: 1690452137.906898
PINGED
Packet loss:0
PONG: 1690452140.9087489
PINGED
Packet loss:0
PONG: 1690452143.9105203
PINGED
Packet loss:0
PONG: 1690452146.9123366
PINGED
Packet loss:0
PONG: 1690452149.9141166
PINGED
Packet loss:0
PONG: 1690452152.9158735
PINGED
Packet loss:0
PONG: 1690452155.9174554
PINGED
Packet loss:0
PONG: 1690452158.91918
PINGED
Packet loss:0
PONG: 1690452161.9221325
PINGED
Packet loss:0
PONG: 1690452164.923876
PINGED
Packet loss:0
PONG: 1690452167.9256577
PINGED
Packet loss:0
PONG: 1690452170.9275303
PINGED
Packet loss:0
PONG: 1690452173.9300447
PINGED
Packet loss:0
PONG: 1690452176.9316978
PINGED
Packet loss:0
PONG: 1690452179.9335842
PINGED
Packet loss:0
PONG: 1690452182.935266
PINGED
Packet loss:0
PONG: 1690452185.9369414
PINGED
Packet loss:0
PONG: 1690452188.938714
PINGED
Packet loss:0
PONG: 1690452191.9405472
PINGED
Packet loss:0
PONG: 1690452194.9421353
PINGED
Packet loss:0
PONG: 1690452197.944201
PINGED
Packet loss:0
PONG: 1690452200.9465718
PINGED
Packet loss:0
PONG: 1690452203.9482672
PINGED
Packet loss:0
PONG: 1690452206.949931
PINGED
Packet loss:0
PONG: 1690452209.9516788
PINGED
Packet loss:0
PONG: 1690452212.9533615
PINGED
Packet loss:0
PONG: 1690452215.954895
PINGED
Packet loss:0
PONG: 1690452218.956747
PINGED
Packet loss:0
PONG: 1690452221.9585428
PINGED
Packet loss:0
PONG: 1690452224.9602966
PINGED
Packet loss:0
PONG: 1690452227.962103
PINGED
Packet loss:0
PONG: 1690452230.9641519
PINGED
Packet loss:0
PONG: 1690452233.9661312
PINGED
Packet loss:0
PONG: 1690452236.9678755
PINGED
Packet loss:0
PONG: 1690452239.969599
PINGED
Packet loss:0.0078125
PONG: 1690452242.9710793
PINGED
Packet loss:0
PONG: 1690452245.9726994
PINGED
Packet loss:0
PONG: 1690452248.9745464
PINGED
Packet loss:0
PONG: 1690452251.97631
PINGED
Packet loss:0
PONG: 1690452254.9782765
PINGED
Packet loss:0
PONG: 1690452257.981073
PINGED
Packet loss:0
PONG: 1690452260.9828446
PINGED
Packet loss:0
PONG: 1690452263.9844499
PINGED
Packet loss:0
PONG: 1690452266.9860225
PINGED
Packet loss:0
PONG: 1690452269.987691
PINGED
Packet loss:0
PONG: 1690452272.989362
PINGED
Packet loss:0
PONG: 1690452275.990917
PINGED
Packet loss:0
PONG: 1690452278.9926672
PINGED
Packet loss:0
PONG: 1690452281.9943724
PINGED
Packet loss:0
PONG: 1690452284.9961693
PINGED
Packet loss:0
PONG: 1690452287.9978323
PINGED
Packet loss:0
PONG: 1690452290.9999132
PINGED
Packet loss:0
PONG: 1690452294.0016131
PINGED
Packet loss:0
PONG: 1690452297.0035315
PINGED
Packet loss:0
PONG: 1690452300.005856
PINGED
Packet loss:0
PONG: 1690452303.0074072
PINGED
Packet loss:0
PONG: 1690452306.0096047
PINGED
Packet loss:0
PONG: 1690452309.0113235
PINGED
Packet loss:0
PONG: 1690452312.013373
PINGED
Packet loss:0
PONG: 1690452315.0157337
PINGED
Packet loss:0
PONG: 1690452318.0175352
PINGED
Packet loss:0
PONG: 1690452321.0191724
PINGED
Packet loss:0
PONG: 1690452324.0209541
PINGED
Packet loss:0
PONG: 1690452327.0227404
PINGED
Packet loss:0
PONG: 1690452330.0248044
PINGED
Packet loss:0
PONG: 1690452333.0266478
PINGED
Packet loss:0
PONG: 1690452336.0294983
PINGED
Packet loss:0
PONG: 1690452339.031837
PINGED
Packet loss:0
PONG: 1690452342.033703
PINGED
Packet loss:0
PONG: 1690452345.03544
PINGED
Packet loss:0
PONG: 1690452348.0372143
PINGED
Packet loss:0
PONG: 1690452351.039855
PINGED
Packet loss:0
PONG: 1690452354.0416589
PINGED
Packet loss:0
PONG: 1690452357.0435293
PINGED
Packet loss:0
PONG: 1690452360.0452557
PINGED
Packet loss:0
PONG: 1690452363.0470583
PINGED
Packet loss:0
PONG: 1690452366.048769
PINGED
Packet loss:0
PONG: 1690452369.050476
PINGED
Packet loss:0
PONG: 1690452372.052257
PINGED
Packet loss:0
PONG: 1690452375.0560353
PINGED
Packet loss:0
PONG: 1690452378.0577333
PINGED
Packet loss:0
PONG: 1690452381.0597923
PINGED
Packet loss:0
PONG: 1690452384.0615866
PINGED
Packet loss:0
PONG: 1690452387.0635114
PINGED
Packet loss:0
PONG: 1690452390.0652785
PINGED
Packet loss:0
PONG: 1690452393.067155
PINGED
Packet loss:0
PONG: 1690452396.068915
PINGED
Packet loss:0
PONG: 1690452399.0707378
PINGED
Packet loss:0
PONG: 1690452402.0724936
PINGED
Packet loss:0
PONG: 1690452405.0747275
PINGED
Packet loss:0
PONG: 1690452408.0766242
PINGED
Packet loss:0
PONG: 1690452411.0784254
PINGED
Packet loss:0
PONG: 1690452414.0801954
PINGED
Packet loss:0
PONG: 1690452417.0821726
PINGED
Packet loss:0
PONG: 1690452420.0847611
PINGED
Packet loss:0
PONG: 1690452423.0866277
PINGED
Packet loss:0
PONG: 1690452426.0884254
PINGED
Packet loss:0
PONG: 1690452429.0915616
PINGED
Packet loss:0
PONG: 1690452432.093692
PINGED
Packet loss:0
PONG: 1690452435.0958283
PINGED
Packet loss:0
PONG: 1690452438.097824
PINGED
Packet loss:0
PONG: 1690452441.0998359
PINGED
Packet loss:0
PONG: 1690452444.1017394
PINGED
Packet loss:0
PONG: 1690452447.1038058
PINGED
Packet loss:0
PONG: 1690452450.1058311
PINGED
Packet loss:0
PONG: 1690452453.1077976
PINGED
Packet loss:0
PONG: 1690452456.1098049
PINGED
Packet loss:0
PONG: 1690452459.1120656
PINGED
Packet loss:0
PONG: 1690452462.1142237
PINGED
Packet loss:0
PONG: 1690452465.1164584
PINGED
Packet loss:0
PONG: 1690452468.118421
PINGED
Packet loss:0
PONG: 1690452471.1209643
PINGED
Packet loss:0
PONG: 1690452474.1229112
PINGED
Packet loss:0
PONG: 1690452477.125172
PINGED
Packet loss:0
PONG: 1690452480.1275663
PINGED
Packet loss:0
PONG: 1690452483.1302495
PINGED
Packet loss:0
PONG: 1690452486.1327631
PINGED
Packet loss:0
PONG: 1690452489.135004
PINGED
Packet loss:0
PONG: 1690452492.1371596
PINGED
Packet loss:0
PONG: 1690452495.1392438
MISC DC DATA
PINGED
Packet loss:0
PONG: 1690452498.1413548
PINGED
Packet loss:0
PONG: 1690452501.1437242
PINGED
Packet loss:0
PONG: 1690452504.1458397
PINGED
Packet loss:0
PONG: 1690452507.1478477
PINGED
Packet loss:0
PONG: 1690452510.1510036
PINGED
Packet loss:0
PONG: 1690452513.1532488
PINGED
Packet loss:0
PONG: 1690452516.1553626
PINGED
Packet loss:0
PONG: 1690452519.1574411
PINGED
Packet loss:0
PONG: 1690452522.1595058
PINGED
Packet loss:0
PONG: 1690452525.161528
PINGED
Packet loss:0
PONG: 1690452528.1638627
PINGED
Packet loss:0
PONG: 1690452531.1659946
PINGED
Packet loss:0
PONG: 1690452534.1685894
PINGED
Packet loss:0
PONG: 1690452537.1715548
PINGED
Packet loss:0
PONG: 1690452540.1737127
PINGED
Packet loss:0
PONG: 1690452543.175997
PINGED
Packet loss:0
PONG: 1690452546.1781864
MISC DC DATA
PINGED
Packet loss:0
PONG: 1690452549.1803358
PINGED
Packet loss:0
PONG: 1690452552.1824758
PINGED
Packet loss:0
PONG: 1690452555.184701
PINGED
Packet loss:0
PONG: 1690452558.186882
PINGED
Packet loss:0
PONG: 1690452561.1899357
PINGED
Packet loss:0
PONG: 1690452564.1936316
PINGED
Packet loss:0
PONG: 1690452567.1956823
PINGED
Packet loss:0
PONG: 1690452570.197824
PINGED
Packet loss:0
PONG: 1690452573.1999314
PINGED
Packet loss:0
PONG: 1690452576.2022352
PINGED
Packet loss:0
PONG: 1690452579.2045481
PINGED
Packet loss:0
PONG: 1690452582.2068489
PINGED
Packet loss:0
PONG: 1690452585.2113078
PINGED
Packet loss:0
PONG: 1690452588.2135355
PINGED
Packet loss:0
PONG: 1690452591.2155857
PINGED
Packet loss:0
PONG: 1690452594.21774
PINGED
Packet loss:0
PONG: 1690452597.219784
PINGED
Packet loss:0
PONG: 1690452600.2219896
PINGED
Packet loss:0
PONG: 1690452603.224209
PINGED
Packet loss:0
PONG: 1690452606.2263117
PINGED
Packet loss:0
PONG: 1690452609.2283733
PINGED
Packet loss:0
PONG: 1690452612.2327807
PINGED
Packet loss:0
PONG: 1690452615.235594
PINGED
Packet loss:0
PONG: 1690452618.2377963
PINGED
Packet loss:0
PONG: 1690452621.2399042
PINGED
Packet loss:0
PONG: 1690452624.242029
PINGED
Packet loss:0
PONG: 1690452627.2442691
PINGED
Packet loss:0
PONG: 1690452630.2463865
PINGED
Packet loss:0
PONG: 1690452633.2484846
PINGED
Packet loss:0
PONG: 1690452636.25198
PINGED
Packet loss:0
PONG: 1690452639.2541795
PINGED
Packet loss:0
PONG: 1690452642.2568398
PINGED
Packet loss:0
PONG: 1690452645.2592902
PINGED
Packet loss:0
PONG: 1690452648.2614706
PINGED
Packet loss:0
PONG: 1690452651.2637157
PINGED
Packet loss:0
PONG: 1690452654.2659047
PINGED
Packet loss:0
PONG: 1690452657.2680566
PINGED
Packet loss:0
PONG: 1690452660.2701557
PINGED
Packet loss:0
PONG: 1690452663.2737567
PINGED
Packet loss:0
PONG: 1690452666.2758605
PINGED
Packet loss:0
PONG: 1690452669.2782564
PINGED
Packet loss:0
PONG: 1690452672.2804875
PINGED
Packet loss:0.0703125
PONG: 1690452675.2826064
PINGED
Packet loss:0
PONG: 1690452678.2848482
PINGED
Packet loss:0
PONG: 1690452681.286936
PINGED
Packet loss:0
PONG: 1690452684.29361
PINGED
Packet loss:0
PONG: 1690452687.2956898
PINGED
Packet loss:0
PONG: 1690452690.2978015
PINGED
Packet loss:0
PONG: 1690452693.2999501
PINGED
Packet loss:0
PONG: 1690452696.3021498
PINGED
Packet loss:0
PONG: 1690452699.3043342
PINGED
Packet loss:0
PONG: 1690452702.3064454
PINGED
Packet loss:0
PONG: 1690452705.308612
PINGED
Packet loss:0
PONG: 1690452708.3106096
PINGED
Packet loss:0
PONG: 1690452711.3139558
PINGED
Packet loss:0
PONG: 1690452714.316336
PINGED
Packet loss:0
PONG: 1690452717.318598
PINGED
Packet loss:0
PONG: 1690452720.3208349
PINGED
Packet loss:0
PONG: 1690452723.322948
PINGED
Packet loss:0
PONG: 1690452726.3252666
PINGED
Packet loss:0
PONG: 1690452729.327438
PINGED
Packet loss:0
PONG: 1690452732.3296757
MISC DC DATA
PINGED
Packet loss:0
PONG: 1690452735.3318896
PINGED
Packet loss:0
PONG: 1690452738.3343313
PINGED
Packet loss:0
PONG: 1690452741.3366551
PINGED
Packet loss:0.234375
PONG: 1690452744.3389077
PINGED
Packet loss:0
PONG: 1690452747.3410118
MISC DC DATA
PINGED
Packet loss:0
PONG: 1690452750.3432903
PINGED
Packet loss:0
PONG: 1690452753.3456433
PINGED
Packet loss:0
PONG: 1690452756.3477924
PINGED
Packet loss:0
PONG: 1690452759.3498442
PINGED
Packet loss:0
PONG: 1690452762.3521633
PINGED
Packet loss:0
PONG: 1690452765.355124
PINGED
Packet loss:0
PONG: 1690452768.3578463
PINGED
Packet loss:0
PONG: 1690452771.3599644
PINGED
Packet loss:0.05859375
PONG: 1690452774.3620548
PINGED
Packet loss:0
PONG: 1690452777.3643143
PINGED
Packet loss:0
PONG: 1690452780.3664355
PINGED
Packet loss:0
PONG: 1690452783.368636
PINGED
Packet loss:0
PONG: 1690452786.3715947
PINGED
Packet loss:0
PONG: 1690452789.3739092
PINGED
Packet loss:0
PONG: 1690452792.3759706
PINGED
Packet loss:0
PONG: 1690452795.3782942
PINGED
Packet loss:0
PONG: 1690452798.380348
PINGED
Packet loss:0
PONG: 1690452801.382556
PINGED
Packet loss:0
PONG: 1690452804.3847926
PINGED
Packet loss:0
PONG: 1690452807.3869545
PINGED
Packet loss:0
PONG: 1690452810.3889892
PINGED
Packet loss:0
PONG: 1690452813.3913667
PINGED
Packet loss:0
PONG: 1690452816.3953285
PINGED
Packet loss:0
PONG: 1690452819.3976214
PINGED
Packet loss:0
PONG: 1690452822.3998492
PINGED
Packet loss:0
PONG: 1690452825.4019246
PINGED
Packet loss:0
PONG: 1690452828.4041839
PINGED
Packet loss:0
PONG: 1690452831.4063122
PINGED
Packet loss:0
PONG: 1690452834.4086704
PINGED
Packet loss:0
PONG: 1690452837.4107869
PINGED
Packet loss:0
PONG: 1690452840.412965
PINGED
Packet loss:0
PONG: 1690452843.4158947
PINGED
Packet loss:0
PONG: 1690452846.4181657
PINGED
Packet loss:0
PONG: 1690452849.4201753
PINGED
Packet loss:0
PONG: 1690452852.4222713
PINGED
Packet loss:0
PONG: 1690452855.424569
PINGED
Packet loss:0
PONG: 1690452858.426754
PINGED
Packet loss:0
PONG: 1690452861.42896
PINGED
Packet loss:0
PONG: 1690452864.4314334
PINGED
Packet loss:0
PONG: 1690452867.433949
PINGED
Packet loss:0
PONG: 1690452870.436252
PINGED
Packet loss:0
PONG: 1690452873.4385428
PINGED
Packet loss:0
PONG: 1690452876.4406397
MISC DC DATA
PINGED
Packet loss:0
PONG: 1690452879.4429748
PINGED
Packet loss:0
PONG: 1690452882.4453254
PINGED
Packet loss:0
PONG: 1690452885.4474483
PINGED
Packet loss:0
PONG: 1690452888.4499762
PINGED
Packet loss:0
PONG: 1690452891.4520984
PINGED
Packet loss:0
PONG: 1690452894.454757
PINGED
Packet loss:0
PONG: 1690452897.4574697
PINGED
Packet loss:0
PONG: 1690452900.4614842
PINGED
Packet loss:0
PONG: 1690452903.4636276
PINGED
Packet loss:0
PONG: 1690452906.4657283
PINGED
Packet loss:0
PONG: 1690452909.4678462
PINGED
Packet loss:0
PONG: 1690452912.4698849
PINGED
Packet loss:0
PONG: 1690452915.4729354
PINGED
Packet loss:0
PONG: 1690452918.4753811
PINGED
Packet loss:0
PONG: 1690452921.477437
PINGED
Packet loss:0
PONG: 1690452924.4795442
PINGED
Packet loss:0
PONG: 1690452927.4816103
PINGED
Packet loss:0
PONG: 1690452930.4838974
PINGED
Packet loss:0
PONG: 1690452933.4859402
PINGED
Packet loss:0
PONG: 1690452936.488125
PINGED
Packet loss:0
PONG: 1690452939.4904015
PINGED
Packet loss:0
PONG: 1690452942.4926412
PINGED
Packet loss:0
PONG: 1690452945.494866
PINGED
Packet loss:0
PONG: 1690452948.4969141
PINGED
Packet loss:0
PONG: 1690452951.49907
PINGED
Packet loss:0
PONG: 1690452954.5012105
PINGED
Packet loss:0
PONG: 1690452957.5034263
PINGED
Packet loss:0
PONG: 1690452960.5055034
PINGED
Packet loss:0
PONG: 1690452963.507579
PINGED
Packet loss:0
PONG: 1690452966.5095735
PINGED
Packet loss:0
PONG: 1690452969.5118136
PINGED
Packet loss:0
PONG: 1690452972.5140765
PINGED
Packet loss:0
PONG: 1690452975.5161378
PINGED
Packet loss:0
PONG: 1690452978.518234
PINGED
Packet loss:0
PONG: 1690452981.520308
PINGED
Packet loss:0
PONG: 1690452984.522298
PINGED
Packet loss:0
PONG: 1690452987.5247324
PINGED
Packet loss:0
PONG: 1690452990.5269227
PINGED
Packet loss:0
PONG: 1690452993.5293078
PINGED
Packet loss:0
PONG: 1690452996.5320678
PINGED
Packet loss:0
PONG: 1690452999.5341992
PINGED
Packet loss:0
PONG: 1690453002.5362425
PINGED
Packet loss:0
PONG: 1690453005.5383928
PINGED
Packet loss:0
PONG: 1690453008.5405023
PINGED
Packet loss:0
PONG: 1690453011.5437615
PINGED
Packet loss:0
PONG: 1690453014.545894
PINGED
Packet loss:0
PONG: 1690453017.5479453
PINGED
Packet loss:0
PONG: 1690453020.5507033
PINGED
Packet loss:0
PONG: 1690453023.5529335
PINGED
Packet loss:0
PONG: 1690453026.555059
PINGED
Packet loss:0
PONG: 1690453029.5573404
PINGED
Packet loss:0
PONG: 1690453032.560381
PINGED
Packet loss:0
PONG: 1690453035.5625162
PINGED
Packet loss:0
PONG: 1690453038.5647392
PINGED
Packet loss:0
PONG: 1690453041.5668561
PINGED
Packet loss:0
PONG: 1690453044.5693505
PINGED
Packet loss:0
PONG: 1690453047.5722163
PINGED
Packet loss:0
PONG: 1690453050.5749598
PINGED
Packet loss:0
PONG: 1690453053.5769694
PINGED
Packet loss:0
PONG: 1690453056.5792325
PINGED
Packet loss:0
PONG: 1690453059.5813134
PINGED
Packet loss:0
PONG: 1690453062.5837717
PINGED
Packet loss:0.0390625
PONG: 1690453065.5859234
PINGED
Packet loss:0
PONG: 1690453068.5880556
PINGED
Packet loss:0
PONG: 1690453071.5903802
PINGED
Packet loss:0.08984375
PONG: 1690453074.5927444
PINGED
Packet loss:0
PONG: 1690453077.5948982
PINGED
Packet loss:0
PONG: 1690453080.5971653
PINGED
Packet loss:0
PONG: 1690453083.5993283
PINGED
Packet loss:0
PONG: 1690453086.601408
PINGED
Packet loss:0
PONG: 1690453089.603679
PINGED
Packet loss:0
PONG: 1690453092.6058576
PINGED
Packet loss:0
PONG: 1690453095.6079998
PINGED
Packet loss:0
PONG: 1690453098.6101084
PINGED
Packet loss:0.125
PONG: 1690453101.6136847
PINGED
Packet loss:0
PONG: 1690453104.6157835
PINGED
Packet loss:0
PONG: 1690453107.6187906
PINGED
Packet loss:0
PONG: 1690453110.6207955
PINGED
Packet loss:0
PONG: 1690453113.6228888
PINGED
Packet loss:0
PONG: 1690453116.624987
PINGED
Packet loss:0
PONG: 1690453119.627061
PINGED
Packet loss:0
PONG: 1690453122.6293123
PINGED
Packet loss:0
PONG: 1690453125.6328464
PINGED
Packet loss:0
PONG: 1690453128.635097
PINGED
Packet loss:0
PONG: 1690453131.6371374
PINGED
Packet loss:0
PONG: 1690453134.6393435
PINGED
Packet loss:0
PONG: 1690453137.6414251
PINGED
Packet loss:0
PONG: 1690453140.6436348
PINGED
Packet loss:0
PONG: 1690453143.6457067
PINGED
Packet loss:0
PONG: 1690453146.647817
PINGED
Packet loss:0
PONG: 1690453149.6501439
PINGED
Packet loss:0
PONG: 1690453152.6529355
PINGED
Packet loss:0.17578125
PONG: 1690453155.6551206
PINGED
Packet loss:0
PONG: 1690453158.6577697
PINGED
Packet loss:0
PONG: 1690453161.6597939
PINGED
Packet loss:0
PONG: 1690453164.6619015
PINGED
Packet loss:0
PONG: 1690453167.6641593
PINGED
Packet loss:0
PONG: 1690453170.6662908
PINGED
Packet loss:0
PONG: 1690453173.6682851
PINGED
Packet loss:0
PONG: 1690453176.6705143
PINGED
Packet loss:0.05078125
PONG: 1690453179.6729105
PINGED
Packet loss:0
PONG: 1690453182.6751096
PINGED
Packet loss:0
PONG: 1690453185.6773055
PINGED
Packet loss:0
PONG: 1690453188.679365
PINGED
Packet loss:0
PONG: 1690453191.6814113
PINGED
Packet loss:0
PONG: 1690453194.6838818
PINGED
Packet loss:0
PONG: 1690453197.6859798
PINGED
Packet loss:0
PONG: 1690453200.689566
PINGED
Packet loss:0
PONG: 1690453203.692729
PINGED
Packet loss:0
PONG: 1690453206.6949213
PINGED
Packet loss:0
PONG: 1690453209.6970298
PINGED
Packet loss:0
PONG: 1690453212.6991262
PINGED
Packet loss:0
PONG: 1690453215.7012422
PINGED
Packet loss:0
PONG: 1690453218.7038136
PINGED
Packet loss:0
PONG: 1690453221.7059462
PINGED
Packet loss:0
PONG: 1690453224.7080374
PINGED
Packet loss:0
PONG: 1690453227.7103798
PINGED
Packet loss:0
PONG: 1690453230.713693
PINGED
Packet loss:0
PONG: 1690453233.7157218
PINGED
Packet loss:0
PONG: 1690453236.7179763
PINGED
Packet loss:0
PONG: 1690453239.7200985
PINGED
Packet loss:0
PONG: 1690453242.7221894
PINGED
Packet loss:0.02734375
PONG: 1690453245.7244172
PINGED
Packet loss:0
PONG: 1690453248.7268145
PINGED
Packet loss:0
PONG: 1690453251.7295215
PINGED
Packet loss:0
PONG: 1690453254.7319148
PINGED
Packet loss:0
PONG: 1690453257.7342858
PINGED
Packet loss:0
PONG: 1690453260.736282
PINGED
Packet loss:0
PONG: 1690453263.7384658
PINGED
Packet loss:0
PONG: 1690453266.7404988
PINGED
Packet loss:0
PONG: 1690453269.7427394
PINGED
Packet loss:0
PONG: 1690453272.7450216
PINGED
Packet loss:0
PONG: 1690453275.747135
PINGED
Packet loss:0
PONG: 1690453278.7495108
PINGED
Packet loss:0
PONG: 1690453281.752795
PINGED
Packet loss:0
PONG: 1690453284.7552626
PINGED
Packet loss:0
PONG: 1690453287.7574859
PINGED
Packet loss:0
PONG: 1690453290.759598
PINGED
Packet loss:0
PONG: 1690453293.7617364
PINGED
Packet loss:0
PONG: 1690453296.7639618
PINGED
Packet loss:0
PONG: 1690453299.7660944
PINGED
Packet loss:0
PONG: 1690453302.7683973
PINGED
Packet loss:0
PONG: 1690453305.7716537
PINGED
Packet loss:0
PONG: 1690453308.777948
PINGED
Packet loss:0
PONG: 1690453311.7801464
PINGED
Packet loss:0
PONG: 1690453314.7822986
PINGED
Packet loss:0.0078125
PONG: 1690453317.7846892
PINGED
Packet loss:0
PONG: 1690453320.7868266
PINGED
Packet loss:0
PONG: 1690453323.7889354
PINGED
Packet loss:0
PONG: 1690453326.7910352
PINGED
Packet loss:0
PONG: 1690453329.793568
PINGED
Packet loss:0
PONG: 1690453332.7958598
PINGED
Packet loss:0
PONG: 1690453335.798451
PINGED
Packet loss:0
PONG: 1690453338.8006365
PINGED
Packet loss:0
PONG: 1690453341.8026676
PINGED
Packet loss:0
PONG: 1690453344.805195
PINGED
Packet loss:0
PONG: 1690453347.8074284
PINGED
Packet loss:0.35546875
PONG: 1690453350.810848
PINGED
Packet loss:0
PONG: 1690453353.813774
PINGED
Packet loss:0
PONG: 1690453356.8157659
PINGED
Packet loss:0
PONG: 1690453359.8177881
PINGED
Packet loss:0
PONG: 1690453362.8200135
PINGED
Packet loss:0
PONG: 1690453365.8220987
PINGED
Packet loss:0
PONG: 1690453368.82438
PINGED
Packet loss:0
PONG: 1690453371.8265016
PINGED
Packet loss:0
PONG: 1690453374.8286257
PINGED
Packet loss:0
PONG: 1690453377.830676
PINGED
Packet loss:0
PONG: 1690453380.8334055
PINGED
Packet loss:0
PONG: 1690453383.8368995
PINGED
Packet loss:0
PONG: 1690453386.8391263
PINGED
Packet loss:0
PONG: 1690453389.8415132
PINGED
Packet loss:0
PONG: 1690453392.8436809
PINGED
Packet loss:0.15625
PONG: 1690453395.845803
PINGED
Packet loss:0
PONG: 1690453398.8479347
PINGED
Packet loss:0
PONG: 1690453401.8501015
PINGED
Packet loss:0
PONG: 1690453404.8526385
PINGED
Packet loss:0
PONG: 1690453407.8560607
PINGED
Packet loss:0.12109375
PONG: 1690453410.8586028
PINGED
Packet loss:0
PONG: 1690453413.8608327
PINGED
Packet loss:0
PONG: 1690453416.8630059
PINGED
Packet loss:0
PONG: 1690453419.8652174
PINGED
Packet loss:0
PONG: 1690453422.8672888
PINGED
Packet loss:0
PONG: 1690453425.869542
PINGED
Packet loss:0
PONG: 1690453428.871572
PINGED
Packet loss:0
PONG: 1690453431.8737798
PINGED
Packet loss:0
PONG: 1690453434.8766959
PINGED
Packet loss:0
PONG: 1690453437.878763
PINGED
Packet loss:0
PONG: 1690453440.8809931
PINGED
Packet loss:0
PONG: 1690453443.883094
PINGED
Packet loss:0
PONG: 1690453446.8854063
PINGED
Packet loss:0
PONG: 1690453449.8875246
PINGED
Packet loss:0
PONG: 1690453452.889621
PINGED
Packet loss:0
PONG: 1690453455.891704
PINGED
Packet loss:0
PONG: 1690453458.894696
PINGED
Packet loss:0
PONG: 1690453461.8970468
PINGED
Packet loss:0
PONG: 1690453464.8991346
PINGED
Packet loss:0.1328125
PONG: 1690453467.9012609
PINGED
Packet loss:0
PONG: 1690453470.9034169
PINGED
Packet loss:0
PONG: 1690453473.9056675
PINGED
Packet loss:0
PONG: 1690453476.907829
PINGED
Packet loss:0
PONG: 1690453479.9099379
PINGED
Packet loss:0.1640625
PONG: 1690453482.9121134
PINGED
Packet loss:0
PONG: 1690453485.9161491
PINGED
Packet loss:0
PONG: 1690453488.918303
PINGED
Packet loss:0
PONG: 1690453491.9204705
PINGED
Packet loss:0
PONG: 1690453494.9225092
PINGED
Packet loss:0
PONG: 1690453497.9246593
PINGED
Packet loss:0
PONG: 1690453500.9268095
PINGED
Packet loss:0
PONG: 1690453503.9289289
PINGED
Packet loss:0.03515625
PONG: 1690453506.9312587
PINGED
Packet loss:0
PONG: 1690453509.9341795
PINGED
Packet loss:0.125
PONG: 1690453512.9364367
PINGED
Packet loss:0.1015625
PONG: 1690453515.9385815
PINGED
Packet loss:0.24609375
PONG: 1690453518.9407578
PINGED
Packet loss:0
PONG: 1690453521.9428623
PINGED
Packet loss:0
PONG: 1690453524.945105
PINGED
Packet loss:0
PONG: 1690453527.9472117
PINGED
Packet loss:0
PONG: 1690453530.9493318
PINGED
Packet loss:0
PONG: 1690453533.9513571
PINGED
Packet loss:0
PONG: 1690453536.9534447
PINGED
Packet loss:0
PONG: 1690453539.9556649
PINGED
Packet loss:0
PONG: 1690453542.9578292
PINGED
Packet loss:0
PONG: 1690453545.9599972
PINGED
Packet loss:0
PONG: 1690453548.962046
PINGED
Packet loss:0
PONG: 1690453551.9641352
PINGED
Packet loss:0
PONG: 1690453554.9661655
PINGED
Packet loss:0
PONG: 1690453557.968207
PINGED
Packet loss:0
PONG: 1690453560.9703114
PINGED
Packet loss:0
PONG: 1690453563.9741578
PINGED
Packet loss:0
PONG: 1690453566.9761877
PINGED
Packet loss:0
PONG: 1690453569.9782438
PINGED
Packet loss:0
PONG: 1690453572.9804137
PINGED
Packet loss:0
PONG: 1690453575.9824746
PINGED
Packet loss:0
PONG: 1690453578.98471
PINGED
Packet loss:0
PONG: 1690453581.9869075
PINGED
Packet loss:0.08203125
PONG: 1690453584.989027
PINGED
Packet loss:0
PONG: 1690453587.9910681
PINGED
Packet loss:0
PONG: 1690453590.9934952
PINGED
Packet loss:0
PONG: 1690453593.995848
PINGED
Packet loss:0
PONG: 1690453596.997894
PINGED
Packet loss:0
PONG: 1690453600.0000653
PINGED
Packet loss:0
PONG: 1690453603.0020766
PINGED
Packet loss:0
PONG: 1690453606.0044029
PINGED
Packet loss:0
PONG: 1690453609.0065064
PINGED
Packet loss:0.3515625
PONG: 1690453612.0085754
PINGED
Packet loss:0
PONG: 1690453615.012326
PINGED
Packet loss:0
PONG: 1690453618.0158026
PINGED
Packet loss:0
PONG: 1690453621.01777
PINGED
Packet loss:0
PONG: 1690453624.0199087
PINGED
Packet loss:0
PONG: 1690453627.0226896
PINGED
Packet loss:0
PONG: 1690453630.025156
PINGED
Packet loss:0
PONG: 1690453633.0272222
PINGED
Packet loss:0
PONG: 1690453636.0293303
PINGED
Packet loss:0
PONG: 1690453639.0315664
PINGED
Packet loss:0
PONG: 1690453642.034167
PINGED
Packet loss:0
PONG: 1690453645.0372174
PINGED
Packet loss:0
PONG: 1690453648.0405135
PINGED
Packet loss:0
PONG: 1690453651.042638
PINGED
Packet loss:0
PONG: 1690453654.044875
PINGED
Packet loss:0
PONG: 1690453657.0470028
PINGED
Packet loss:0
PONG: 1690453660.0491652
PINGED
Packet loss:0
PONG: 1690453663.0523782
PINGED
Packet loss:0
PONG: 1690453666.0546935
PINGED
Packet loss:0
PONG: 1690453669.0568128
PINGED
Packet loss:0
PONG: 1690453672.0588884
PINGED
Packet loss:0
PONG: 1690453675.0610847
PINGED
Packet loss:0
PONG: 1690453678.0632617
PINGED
Packet loss:0
PONG: 1690453681.0654185
PINGED
Packet loss:0.11328125
PONG: 1690453684.0676007
PINGED
Packet loss:0
PONG: 1690453687.069746
PINGED
Packet loss:0
PONG: 1690453690.0717788
PINGED
Packet loss:0
PONG: 1690453693.0741863
PINGED
Packet loss:0
PONG: 1690453696.0765536
PINGED
Packet loss:0
PONG: 1690453699.078571
PINGED
Packet loss:0
PONG: 1690453702.0806375
PINGED
Packet loss:0
PONG: 1690453705.0826852
PINGED
Packet loss:0
PONG: 1690453708.0861254
PINGED
Packet loss:0
PONG: 1690453711.0884223
PINGED
Packet loss:0
PONG: 1690453714.0907705
PINGED
Packet loss:0
PONG: 1690453717.0947418
PINGED
Packet loss:0
PONG: 1690453720.0969243
PINGED
Packet loss:0
PONG: 1690453723.099059
PINGED
Packet loss:0
PONG: 1690453726.101249
PINGED
Packet loss:0
PONG: 1690453729.103634
PINGED
Packet loss:0
PONG: 1690453732.105978
PINGED
Packet loss:0
PONG: 1690453735.1081223
PINGED
Packet loss:0
PONG: 1690453738.1102264
PINGED
Packet loss:0
PONG: 1690453741.1122682
PINGED
Packet loss:0
PONG: 1690453744.1145315
PINGED
Packet loss:0
PONG: 1690453747.1176717
PINGED
Packet loss:0
PONG: 1690453750.1198845
PINGED
Packet loss:0
PONG: 1690453753.1220217
PINGED
Packet loss:0
PONG: 1690453756.124272
PINGED
Packet loss:0
PONG: 1690453759.1264296
PINGED
Packet loss:0
PONG: 1690453762.1285553
PINGED
Packet loss:0
PONG: 1690453765.1306899
PINGED
Packet loss:0
PONG: 1690453768.1346433
PINGED
Packet loss:0
PONG: 1690453771.1368496
PINGED
Packet loss:0
PONG: 1690453774.1388872
PINGED
Packet loss:0
PONG: 1690453777.1410291
PINGED
Packet loss:0
PONG: 1690453780.143319
PINGED
Packet loss:0
PONG: 1690453783.1462014
PINGED
Packet loss:0
PONG: 1690453786.148285
PINGED
Packet loss:0
PONG: 1690453789.1504333
PINGED
Packet loss:0
PONG: 1690453792.1524887
PINGED
Packet loss:0
PONG: 1690453795.1553326
PINGED
Packet loss:0
PONG: 1690453798.157384
PINGED
Packet loss:0
PONG: 1690453801.160643
PINGED
Packet loss:0
PONG: 1690453804.1628141
PINGED
Packet loss:0
PONG: 1690453807.1650593
PINGED
Packet loss:0
PONG: 1690453810.1671934
PINGED
Packet loss:0
PONG: 1690453813.1693218
PINGED
Packet loss:0
PONG: 1690453816.1714778
PINGED
Packet loss:0
PONG: 1690453819.1739104
PINGED
Packet loss:0
PONG: 1690453822.1761928
PINGED
Packet loss:0
PONG: 1690453825.1782868
PINGED
Packet loss:0
PONG: 1690453828.1804318
PINGED
Packet loss:0
PONG: 1690453831.1825283
PINGED
Packet loss:0
PONG: 1690453834.1847575
PINGED
Packet loss:0
PONG: 1690453837.1869047
PINGED
Packet loss:0
PONG: 1690453840.188984
PINGED
Packet loss:0
PONG: 1690453843.1910658
PINGED
Packet loss:0
PONG: 1690453846.1933985
PINGED
Packet loss:0
PONG: 1690453849.1956034
PINGED
Packet loss:0